<?xml version="1.0" encoding="UTF-8"?>
<!-- Generated by org.testng.reporters.JUnitReportReporter -->
<testsuite hostname="DESKTOP-7AP01TS" failures="0" tests="4" name="org.testMaven.TestngSample" time="0.050" errors="0" timestamp="26 Nov 2021 07:20:45 GMT" skipped="0">
  <testcase classname="org.testMaven.TestngSample" name="tc2" time="0.023"/>
  <testcase classname="org.testMaven.TestngSample" name="tc4" time="0.006"/>
  <testcase classname="org.testMaven.TestngSample" name="tc3" time="0.008"/>
  <testcase classname="org.testMaven.TestngSample" name="tc1" time="0.013"/>
</testsuite> <!-- org.testMaven.TestngSample -->
